<?xml version="1.0" encoding="UTF-8"?>
<!-- Generated by org.testng.reporters.JUnitReportReporter -->
<testsuite hostname="ASDP1534PO01976" name="com.qait.demo.tests.HrisTestFile" tests="3" failures="0" timestamp="20 Jul 2018 07:17:18 GMT" time="7.465" errors="0">
  <testcase name="IsTimeSheetPageDisplayed" time="1.602" classname="com.qait.demo.tests.HrisTestFile"/>
  <testcase name="IsHrisLoginSuccessfull" time="5.821" classname="com.qait.demo.tests.HrisTestFile"/>
  <testcase name="checkPersonalDetailsonHris" time="0.042" classname="com.qait.demo.tests.HrisTestFile"/>
</testsuite> <!-- com.qait.demo.tests.HrisTestFile -->
